INFO [2021-04-26 14:34:28] $x
INFO [2021-04-26 14:34:28] df
INFO [2021-04-26 14:34:28] 
INFO [2021-04-26 14:34:28] $filename
INFO [2021-04-26 14:34:28] [1] "venn_diagram_3.png"
INFO [2021-04-26 14:34:28] 
INFO [2021-04-26 14:34:28] $lwd
INFO [2021-04-26 14:34:28] [1] 2
INFO [2021-04-26 14:34:28] 
INFO [2021-04-26 14:34:28] $lty
INFO [2021-04-26 14:34:28] [1] "dotted"
INFO [2021-04-26 14:34:28] 
INFO [2021-04-26 14:34:28] $col
INFO [2021-04-26 14:34:28] [1] "#21908dff"
INFO [2021-04-26 14:34:28] 
INFO [2021-04-26 14:34:28] $fill
INFO [2021-04-26 14:34:28] c("Red", "Orange", "steelblue")
INFO [2021-04-26 14:34:28] 
INFO [2021-04-26 14:34:28] $cex
INFO [2021-04-26 14:34:28] [1] 1
INFO [2021-04-26 14:34:28] 
INFO [2021-04-26 14:34:28] $fontface
INFO [2021-04-26 14:34:28] [1] "bold"
INFO [2021-04-26 14:34:28] 
INFO [2021-04-26 14:34:28] $cat.cex
INFO [2021-04-26 14:34:28] [1] 1.5
INFO [2021-04-26 14:34:28] 
INFO [2021-04-26 14:34:28] $cat.fontface
INFO [2021-04-26 14:34:28] [1] "bold"
INFO [2021-04-26 14:34:28] 
INFO [2021-04-26 14:34:28] $cat.dist
INFO [2021-04-26 14:34:28] c(0.08, 0.08, 0.1)
INFO [2021-04-26 14:34:28] 
INFO [2021-04-26 14:34:28] $cat.default.pos
INFO [2021-04-26 14:34:28] [1] "outer"
INFO [2021-04-26 14:34:28] 
INFO [2021-04-26 14:34:28] [[13]]
INFO [2021-04-26 14:34:28] 
INFO [2021-04-26 14:34:28] 
