INFO [2021-04-26 14:34:23] $x
INFO [2021-04-26 14:34:23] df
INFO [2021-04-26 14:34:23] 
INFO [2021-04-26 14:34:23] $filename
INFO [2021-04-26 14:34:23] [1] "venn_diagram_2.png"
INFO [2021-04-26 14:34:23] 
INFO [2021-04-26 14:34:23] $lwd
INFO [2021-04-26 14:34:23] [1] 2
INFO [2021-04-26 14:34:23] 
INFO [2021-04-26 14:34:23] $lty
INFO [2021-04-26 14:34:23] [1] "dotted"
INFO [2021-04-26 14:34:23] 
INFO [2021-04-26 14:34:23] $col
INFO [2021-04-26 14:34:23] [1] "#21908dff"
INFO [2021-04-26 14:34:23] 
INFO [2021-04-26 14:34:23] $fill
INFO [2021-04-26 14:34:23] c("Red", "Orange", "steelblue")
INFO [2021-04-26 14:34:23] 
INFO [2021-04-26 14:34:23] [[7]]
INFO [2021-04-26 14:34:23] 
INFO [2021-04-26 14:34:23] 
