INFO [2021-04-26 14:34:38] $x
INFO [2021-04-26 14:34:38] df
INFO [2021-04-26 14:34:38] 
INFO [2021-04-26 14:34:38] $filename
INFO [2021-04-26 14:34:38] [1] "venn_diagram_4.png"
INFO [2021-04-26 14:34:38] 
INFO [2021-04-26 14:34:38] $category.names
INFO [2021-04-26 14:34:38] c("First set", "Second set", "Third set")
INFO [2021-04-26 14:34:38] 
INFO [2021-04-26 14:34:38] $lwd
INFO [2021-04-26 14:34:38] [1] 2
INFO [2021-04-26 14:34:38] 
INFO [2021-04-26 14:34:38] $lty
INFO [2021-04-26 14:34:38] [1] "dotted"
INFO [2021-04-26 14:34:38] 
INFO [2021-04-26 14:34:38] $col
INFO [2021-04-26 14:34:38] [1] "#21908dff"
INFO [2021-04-26 14:34:38] 
INFO [2021-04-26 14:34:38] $fill
INFO [2021-04-26 14:34:38] c("Red", "Orange", "steelblue")
INFO [2021-04-26 14:34:38] 
INFO [2021-04-26 14:34:38] $cex
INFO [2021-04-26 14:34:38] [1] 1
INFO [2021-04-26 14:34:38] 
INFO [2021-04-26 14:34:38] $fontface
INFO [2021-04-26 14:34:38] [1] "bold"
INFO [2021-04-26 14:34:38] 
INFO [2021-04-26 14:34:38] $cat.cex
INFO [2021-04-26 14:34:38] [1] 1.5
INFO [2021-04-26 14:34:38] 
INFO [2021-04-26 14:34:38] $cat.fontface
INFO [2021-04-26 14:34:38] [1] "bold"
INFO [2021-04-26 14:34:38] 
INFO [2021-04-26 14:34:38] $cat.dist
INFO [2021-04-26 14:34:38] c(0.08, 0.08, 0.1)
INFO [2021-04-26 14:34:38] 
INFO [2021-04-26 14:34:38] $cat.default.pos
INFO [2021-04-26 14:34:38] [1] "outer"
INFO [2021-04-26 14:34:38] 
